2017-07-11 22:11:46,565 DEBUG    root            Metrics collector initialized...
2017-07-11 22:11:46,577 DEBUG    root            Loaded Command Group: ['gcloud', 'components']
2017-07-11 22:11:46,592 DEBUG    root            Loaded Command Group: ['gcloud', 'components', 'list']
2017-07-11 22:11:46,594 DEBUG    root            Running [gcloud.components.list] with arguments: [--quiet: "True"]
2017-07-11 22:11:46,596 INFO     root            Display format "table[box,title="Components"](state.name:label=Status,name:label=Name,id:label=ID,size.size(zero="",min=1048576):label=Size:align=right)".
2017-07-11 22:11:47,300 INFO     ___FILE_ONLY___ 
Your current Cloud SDK version is: 161.0.0

2017-07-11 22:11:47,300 INFO     ___FILE_ONLY___ The latest available version is: 161.0.0

2017-07-11 22:11:47,300 INFO     ___FILE_ONLY___ 

2017-07-11 22:11:47,308 INFO     ___FILE_ONLY___ ┌─────────────────────────────────────────────────────────────────────────────────────────────────────────────┐
2017-07-11 22:11:47,308 INFO     ___FILE_ONLY___ 

2017-07-11 22:11:47,308 INFO     ___FILE_ONLY___ │                                                  Components                                                 │
2017-07-11 22:11:47,308 INFO     ___FILE_ONLY___ 

2017-07-11 22:11:47,309 INFO     ___FILE_ONLY___ ├───────────────┬──────────────────────────────────────────────────────┬──────────────────────────┬───────────┤
2017-07-11 22:11:47,309 INFO     ___FILE_ONLY___ 

2017-07-11 22:11:47,309 INFO     ___FILE_ONLY___ │     Status    │                         Name                         │            ID            │    Size   │
2017-07-11 22:11:47,309 INFO     ___FILE_ONLY___ 

2017-07-11 22:11:47,309 INFO     ___FILE_ONLY___ ├───────────────┼──────────────────────────────────────────────────────┼──────────────────────────┼───────────┤
2017-07-11 22:11:47,309 INFO     ___FILE_ONLY___ 

2017-07-11 22:11:47,309 INFO     ___FILE_ONLY___ │ 
2017-07-11 22:11:47,309 INFO     ___FILE_ONLY___ Not Installed
2017-07-11 22:11:47,310 INFO     ___FILE_ONLY___  
2017-07-11 22:11:47,310 INFO     ___FILE_ONLY___ │ 
2017-07-11 22:11:47,310 INFO     ___FILE_ONLY___ App Engine Go Extensions                            
2017-07-11 22:11:47,310 INFO     ___FILE_ONLY___  
2017-07-11 22:11:47,310 INFO     ___FILE_ONLY___ │ 
2017-07-11 22:11:47,310 INFO     ___FILE_ONLY___ app-engine-go           
2017-07-11 22:11:47,310 INFO     ___FILE_ONLY___  
2017-07-11 22:11:47,310 INFO     ___FILE_ONLY___ │ 
2017-07-11 22:11:47,311 INFO     ___FILE_ONLY___  96.7 MiB
2017-07-11 22:11:47,311 INFO     ___FILE_ONLY___  
2017-07-11 22:11:47,311 INFO     ___FILE_ONLY___ │
2017-07-11 22:11:47,311 INFO     ___FILE_ONLY___ 

2017-07-11 22:11:47,311 INFO     ___FILE_ONLY___ │ 
2017-07-11 22:11:47,311 INFO     ___FILE_ONLY___ Not Installed
2017-07-11 22:11:47,311 INFO     ___FILE_ONLY___  
2017-07-11 22:11:47,311 INFO     ___FILE_ONLY___ │ 
2017-07-11 22:11:47,311 INFO     ___FILE_ONLY___ Cloud Bigtable Command Line Tool                    
2017-07-11 22:11:47,311 INFO     ___FILE_ONLY___  
2017-07-11 22:11:47,311 INFO     ___FILE_ONLY___ │ 
2017-07-11 22:11:47,311 INFO     ___FILE_ONLY___ cbt                     
2017-07-11 22:11:47,311 INFO     ___FILE_ONLY___  
2017-07-11 22:11:47,311 INFO     ___FILE_ONLY___ │ 
2017-07-11 22:11:47,311 INFO     ___FILE_ONLY___   4.0 MiB
2017-07-11 22:11:47,312 INFO     ___FILE_ONLY___  
2017-07-11 22:11:47,312 INFO     ___FILE_ONLY___ │
2017-07-11 22:11:47,312 INFO     ___FILE_ONLY___ 

2017-07-11 22:11:47,312 INFO     ___FILE_ONLY___ │ 
2017-07-11 22:11:47,312 INFO     ___FILE_ONLY___ Not Installed
2017-07-11 22:11:47,312 INFO     ___FILE_ONLY___  
2017-07-11 22:11:47,312 INFO     ___FILE_ONLY___ │ 
2017-07-11 22:11:47,312 INFO     ___FILE_ONLY___ Cloud Bigtable Emulator                             
2017-07-11 22:11:47,312 INFO     ___FILE_ONLY___  
2017-07-11 22:11:47,312 INFO     ___FILE_ONLY___ │ 
2017-07-11 22:11:47,312 INFO     ___FILE_ONLY___ bigtable                
2017-07-11 22:11:47,312 INFO     ___FILE_ONLY___  
2017-07-11 22:11:47,312 INFO     ___FILE_ONLY___ │ 
2017-07-11 22:11:47,312 INFO     ___FILE_ONLY___   3.5 MiB
2017-07-11 22:11:47,312 INFO     ___FILE_ONLY___  
2017-07-11 22:11:47,313 INFO     ___FILE_ONLY___ │
2017-07-11 22:11:47,313 INFO     ___FILE_ONLY___ 

2017-07-11 22:11:47,313 INFO     ___FILE_ONLY___ │ 
2017-07-11 22:11:47,313 INFO     ___FILE_ONLY___ Not Installed
2017-07-11 22:11:47,313 INFO     ___FILE_ONLY___  
2017-07-11 22:11:47,313 INFO     ___FILE_ONLY___ │ 
2017-07-11 22:11:47,313 INFO     ___FILE_ONLY___ Cloud Datalab Command Line Tool                     
2017-07-11 22:11:47,313 INFO     ___FILE_ONLY___  
2017-07-11 22:11:47,313 INFO     ___FILE_ONLY___ │ 
2017-07-11 22:11:47,313 INFO     ___FILE_ONLY___ datalab                 
2017-07-11 22:11:47,313 INFO     ___FILE_ONLY___  
2017-07-11 22:11:47,313 INFO     ___FILE_ONLY___ │ 
2017-07-11 22:11:47,314 INFO     ___FILE_ONLY___   < 1 MiB
2017-07-11 22:11:47,314 INFO     ___FILE_ONLY___  
2017-07-11 22:11:47,314 INFO     ___FILE_ONLY___ │
2017-07-11 22:11:47,314 INFO     ___FILE_ONLY___ 

2017-07-11 22:11:47,314 INFO     ___FILE_ONLY___ │ 
2017-07-11 22:11:47,314 INFO     ___FILE_ONLY___ Not Installed
2017-07-11 22:11:47,314 INFO     ___FILE_ONLY___  
2017-07-11 22:11:47,314 INFO     ___FILE_ONLY___ │ 
2017-07-11 22:11:47,314 INFO     ___FILE_ONLY___ Cloud Datastore Emulator                            
2017-07-11 22:11:47,314 INFO     ___FILE_ONLY___  
2017-07-11 22:11:47,314 INFO     ___FILE_ONLY___ │ 
2017-07-11 22:11:47,314 INFO     ___FILE_ONLY___ cloud-datastore-emulator
2017-07-11 22:11:47,314 INFO     ___FILE_ONLY___  
2017-07-11 22:11:47,315 INFO     ___FILE_ONLY___ │ 
2017-07-11 22:11:47,315 INFO     ___FILE_ONLY___  15.4 MiB
2017-07-11 22:11:47,315 INFO     ___FILE_ONLY___  
2017-07-11 22:11:47,315 INFO     ___FILE_ONLY___ │
2017-07-11 22:11:47,315 INFO     ___FILE_ONLY___ 

2017-07-11 22:11:47,315 INFO     ___FILE_ONLY___ │ 
2017-07-11 22:11:47,315 INFO     ___FILE_ONLY___ Not Installed
2017-07-11 22:11:47,315 INFO     ___FILE_ONLY___  
2017-07-11 22:11:47,315 INFO     ___FILE_ONLY___ │ 
2017-07-11 22:11:47,315 INFO     ___FILE_ONLY___ Cloud Datastore Emulator (Legacy)                   
2017-07-11 22:11:47,315 INFO     ___FILE_ONLY___  
2017-07-11 22:11:47,315 INFO     ___FILE_ONLY___ │ 
2017-07-11 22:11:47,315 INFO     ___FILE_ONLY___ gcd-emulator            
2017-07-11 22:11:47,315 INFO     ___FILE_ONLY___  
2017-07-11 22:11:47,316 INFO     ___FILE_ONLY___ │ 
2017-07-11 22:11:47,316 INFO     ___FILE_ONLY___  38.1 MiB
2017-07-11 22:11:47,316 INFO     ___FILE_ONLY___  
2017-07-11 22:11:47,316 INFO     ___FILE_ONLY___ │
2017-07-11 22:11:47,316 INFO     ___FILE_ONLY___ 

2017-07-11 22:11:47,316 INFO     ___FILE_ONLY___ │ 
2017-07-11 22:11:47,316 INFO     ___FILE_ONLY___ Not Installed
2017-07-11 22:11:47,316 INFO     ___FILE_ONLY___  
2017-07-11 22:11:47,316 INFO     ___FILE_ONLY___ │ 
2017-07-11 22:11:47,316 INFO     ___FILE_ONLY___ Cloud Pub/Sub Emulator                              
2017-07-11 22:11:47,316 INFO     ___FILE_ONLY___  
2017-07-11 22:11:47,316 INFO     ___FILE_ONLY___ │ 
2017-07-11 22:11:47,317 INFO     ___FILE_ONLY___ pubsub-emulator         
2017-07-11 22:11:47,317 INFO     ___FILE_ONLY___  
2017-07-11 22:11:47,317 INFO     ___FILE_ONLY___ │ 
2017-07-11 22:11:47,317 INFO     ___FILE_ONLY___  21.0 MiB
2017-07-11 22:11:47,317 INFO     ___FILE_ONLY___  
2017-07-11 22:11:47,317 INFO     ___FILE_ONLY___ │
2017-07-11 22:11:47,317 INFO     ___FILE_ONLY___ 

2017-07-11 22:11:47,317 INFO     ___FILE_ONLY___ │ 
2017-07-11 22:11:47,317 INFO     ___FILE_ONLY___ Not Installed
2017-07-11 22:11:47,317 INFO     ___FILE_ONLY___  
2017-07-11 22:11:47,317 INFO     ___FILE_ONLY___ │ 
2017-07-11 22:11:47,318 INFO     ___FILE_ONLY___ Emulator Reverse Proxy                              
2017-07-11 22:11:47,318 INFO     ___FILE_ONLY___  
2017-07-11 22:11:47,318 INFO     ___FILE_ONLY___ │ 
2017-07-11 22:11:47,318 INFO     ___FILE_ONLY___ emulator-reverse-proxy  
2017-07-11 22:11:47,318 INFO     ___FILE_ONLY___  
2017-07-11 22:11:47,318 INFO     ___FILE_ONLY___ │ 
2017-07-11 22:11:47,318 INFO     ___FILE_ONLY___  14.5 MiB
2017-07-11 22:11:47,318 INFO     ___FILE_ONLY___  
2017-07-11 22:11:47,318 INFO     ___FILE_ONLY___ │
2017-07-11 22:11:47,318 INFO     ___FILE_ONLY___ 

2017-07-11 22:11:47,318 INFO     ___FILE_ONLY___ │ 
2017-07-11 22:11:47,319 INFO     ___FILE_ONLY___ Not Installed
2017-07-11 22:11:47,319 INFO     ___FILE_ONLY___  
2017-07-11 22:11:47,319 INFO     ___FILE_ONLY___ │ 
2017-07-11 22:11:47,319 INFO     ___FILE_ONLY___ Google Container Registry's Docker credential helper
2017-07-11 22:11:47,319 INFO     ___FILE_ONLY___  
2017-07-11 22:11:47,319 INFO     ___FILE_ONLY___ │ 
2017-07-11 22:11:47,319 INFO     ___FILE_ONLY___ docker-credential-gcr   
2017-07-11 22:11:47,319 INFO     ___FILE_ONLY___  
2017-07-11 22:11:47,319 INFO     ___FILE_ONLY___ │ 
2017-07-11 22:11:47,319 INFO     ___FILE_ONLY___   2.2 MiB
2017-07-11 22:11:47,319 INFO     ___FILE_ONLY___  
2017-07-11 22:11:47,320 INFO     ___FILE_ONLY___ │
2017-07-11 22:11:47,320 INFO     ___FILE_ONLY___ 

2017-07-11 22:11:47,320 INFO     ___FILE_ONLY___ │ 
2017-07-11 22:11:47,320 INFO     ___FILE_ONLY___ Not Installed
2017-07-11 22:11:47,320 INFO     ___FILE_ONLY___  
2017-07-11 22:11:47,320 INFO     ___FILE_ONLY___ │ 
2017-07-11 22:11:47,320 INFO     ___FILE_ONLY___ gcloud Alpha Commands                               
2017-07-11 22:11:47,320 INFO     ___FILE_ONLY___  
2017-07-11 22:11:47,320 INFO     ___FILE_ONLY___ │ 
2017-07-11 22:11:47,320 INFO     ___FILE_ONLY___ alpha                   
2017-07-11 22:11:47,320 INFO     ___FILE_ONLY___  
2017-07-11 22:11:47,320 INFO     ___FILE_ONLY___ │ 
2017-07-11 22:11:47,320 INFO     ___FILE_ONLY___   < 1 MiB
2017-07-11 22:11:47,320 INFO     ___FILE_ONLY___  
2017-07-11 22:11:47,321 INFO     ___FILE_ONLY___ │
2017-07-11 22:11:47,321 INFO     ___FILE_ONLY___ 

2017-07-11 22:11:47,321 INFO     ___FILE_ONLY___ │ 
2017-07-11 22:11:47,321 INFO     ___FILE_ONLY___ Not Installed
2017-07-11 22:11:47,321 INFO     ___FILE_ONLY___  
2017-07-11 22:11:47,321 INFO     ___FILE_ONLY___ │ 
2017-07-11 22:11:47,321 INFO     ___FILE_ONLY___ gcloud Beta Commands                                
2017-07-11 22:11:47,321 INFO     ___FILE_ONLY___  
2017-07-11 22:11:47,321 INFO     ___FILE_ONLY___ │ 
2017-07-11 22:11:47,321 INFO     ___FILE_ONLY___ beta                    
2017-07-11 22:11:47,321 INFO     ___FILE_ONLY___  
2017-07-11 22:11:47,321 INFO     ___FILE_ONLY___ │ 
2017-07-11 22:11:47,322 INFO     ___FILE_ONLY___   < 1 MiB
2017-07-11 22:11:47,322 INFO     ___FILE_ONLY___  
2017-07-11 22:11:47,322 INFO     ___FILE_ONLY___ │
2017-07-11 22:11:47,322 INFO     ___FILE_ONLY___ 

2017-07-11 22:11:47,322 INFO     ___FILE_ONLY___ │ 
2017-07-11 22:11:47,322 INFO     ___FILE_ONLY___ Not Installed
2017-07-11 22:11:47,322 INFO     ___FILE_ONLY___  
2017-07-11 22:11:47,322 INFO     ___FILE_ONLY___ │ 
2017-07-11 22:11:47,322 INFO     ___FILE_ONLY___ gcloud app Java Extensions                          
2017-07-11 22:11:47,322 INFO     ___FILE_ONLY___  
2017-07-11 22:11:47,322 INFO     ___FILE_ONLY___ │ 
2017-07-11 22:11:47,322 INFO     ___FILE_ONLY___ app-engine-java         
2017-07-11 22:11:47,323 INFO     ___FILE_ONLY___  
2017-07-11 22:11:47,323 INFO     ___FILE_ONLY___ │ 
2017-07-11 22:11:47,323 INFO     ___FILE_ONLY___ 128.1 MiB
2017-07-11 22:11:47,323 INFO     ___FILE_ONLY___  
2017-07-11 22:11:47,323 INFO     ___FILE_ONLY___ │
2017-07-11 22:11:47,323 INFO     ___FILE_ONLY___ 

2017-07-11 22:11:47,323 INFO     ___FILE_ONLY___ │ 
2017-07-11 22:11:47,323 INFO     ___FILE_ONLY___ Not Installed
2017-07-11 22:11:47,323 INFO     ___FILE_ONLY___  
2017-07-11 22:11:47,323 INFO     ___FILE_ONLY___ │ 
2017-07-11 22:11:47,323 INFO     ___FILE_ONLY___ gcloud app PHP Extensions (Mac OS X)                
2017-07-11 22:11:47,323 INFO     ___FILE_ONLY___  
2017-07-11 22:11:47,323 INFO     ___FILE_ONLY___ │ 
2017-07-11 22:11:47,324 INFO     ___FILE_ONLY___ app-engine-php-darwin   
2017-07-11 22:11:47,324 INFO     ___FILE_ONLY___  
2017-07-11 22:11:47,324 INFO     ___FILE_ONLY___ │ 
2017-07-11 22:11:47,324 INFO     ___FILE_ONLY___  21.9 MiB
2017-07-11 22:11:47,324 INFO     ___FILE_ONLY___  
2017-07-11 22:11:47,324 INFO     ___FILE_ONLY___ │
2017-07-11 22:11:47,324 INFO     ___FILE_ONLY___ 

2017-07-11 22:11:47,324 INFO     ___FILE_ONLY___ │ 
2017-07-11 22:11:47,324 INFO     ___FILE_ONLY___ Not Installed
2017-07-11 22:11:47,324 INFO     ___FILE_ONLY___  
2017-07-11 22:11:47,324 INFO     ___FILE_ONLY___ │ 
2017-07-11 22:11:47,324 INFO     ___FILE_ONLY___ gcloud app Python Extensions                        
2017-07-11 22:11:47,324 INFO     ___FILE_ONLY___  
2017-07-11 22:11:47,324 INFO     ___FILE_ONLY___ │ 
2017-07-11 22:11:47,325 INFO     ___FILE_ONLY___ app-engine-python       
2017-07-11 22:11:47,325 INFO     ___FILE_ONLY___  
2017-07-11 22:11:47,325 INFO     ___FILE_ONLY___ │ 
2017-07-11 22:11:47,325 INFO     ___FILE_ONLY___   6.5 MiB
2017-07-11 22:11:47,325 INFO     ___FILE_ONLY___  
2017-07-11 22:11:47,325 INFO     ___FILE_ONLY___ │
2017-07-11 22:11:47,325 INFO     ___FILE_ONLY___ 

2017-07-11 22:11:47,325 INFO     ___FILE_ONLY___ │ 
2017-07-11 22:11:47,325 INFO     ___FILE_ONLY___ Not Installed
2017-07-11 22:11:47,325 INFO     ___FILE_ONLY___  
2017-07-11 22:11:47,325 INFO     ___FILE_ONLY___ │ 
2017-07-11 22:11:47,325 INFO     ___FILE_ONLY___ kubectl                                             
2017-07-11 22:11:47,325 INFO     ___FILE_ONLY___  
2017-07-11 22:11:47,325 INFO     ___FILE_ONLY___ │ 
2017-07-11 22:11:47,325 INFO     ___FILE_ONLY___ kubectl                 
2017-07-11 22:11:47,325 INFO     ___FILE_ONLY___  
2017-07-11 22:11:47,326 INFO     ___FILE_ONLY___ │ 
2017-07-11 22:11:47,326 INFO     ___FILE_ONLY___  14.8 MiB
2017-07-11 22:11:47,326 INFO     ___FILE_ONLY___  
2017-07-11 22:11:47,326 INFO     ___FILE_ONLY___ │
2017-07-11 22:11:47,326 INFO     ___FILE_ONLY___ 

2017-07-11 22:11:47,326 INFO     ___FILE_ONLY___ │ 
2017-07-11 22:11:47,326 INFO     ___FILE_ONLY___ Installed    
2017-07-11 22:11:47,326 INFO     ___FILE_ONLY___  
2017-07-11 22:11:47,326 INFO     ___FILE_ONLY___ │ 
2017-07-11 22:11:47,326 INFO     ___FILE_ONLY___ BigQuery Command Line Tool                          
2017-07-11 22:11:47,326 INFO     ___FILE_ONLY___  
2017-07-11 22:11:47,326 INFO     ___FILE_ONLY___ │ 
2017-07-11 22:11:47,326 INFO     ___FILE_ONLY___ bq                      
2017-07-11 22:11:47,326 INFO     ___FILE_ONLY___  
2017-07-11 22:11:47,326 INFO     ___FILE_ONLY___ │ 
2017-07-11 22:11:47,327 INFO     ___FILE_ONLY___   < 1 MiB
2017-07-11 22:11:47,327 INFO     ___FILE_ONLY___  
2017-07-11 22:11:47,327 INFO     ___FILE_ONLY___ │
2017-07-11 22:11:47,327 INFO     ___FILE_ONLY___ 

2017-07-11 22:11:47,327 INFO     ___FILE_ONLY___ │ 
2017-07-11 22:11:47,327 INFO     ___FILE_ONLY___ Installed    
2017-07-11 22:11:47,327 INFO     ___FILE_ONLY___  
2017-07-11 22:11:47,327 INFO     ___FILE_ONLY___ │ 
2017-07-11 22:11:47,327 INFO     ___FILE_ONLY___ Cloud SDK Core Libraries                            
2017-07-11 22:11:47,327 INFO     ___FILE_ONLY___  
2017-07-11 22:11:47,327 INFO     ___FILE_ONLY___ │ 
2017-07-11 22:11:47,327 INFO     ___FILE_ONLY___ core                    
2017-07-11 22:11:47,327 INFO     ___FILE_ONLY___  
2017-07-11 22:11:47,328 INFO     ___FILE_ONLY___ │ 
2017-07-11 22:11:47,328 INFO     ___FILE_ONLY___   6.4 MiB
2017-07-11 22:11:47,328 INFO     ___FILE_ONLY___  
2017-07-11 22:11:47,328 INFO     ___FILE_ONLY___ │
2017-07-11 22:11:47,328 INFO     ___FILE_ONLY___ 

2017-07-11 22:11:47,328 INFO     ___FILE_ONLY___ │ 
2017-07-11 22:11:47,328 INFO     ___FILE_ONLY___ Installed    
2017-07-11 22:11:47,328 INFO     ___FILE_ONLY___  
2017-07-11 22:11:47,328 INFO     ___FILE_ONLY___ │ 
2017-07-11 22:11:47,328 INFO     ___FILE_ONLY___ Cloud Storage Command Line Tool                     
2017-07-11 22:11:47,328 INFO     ___FILE_ONLY___  
2017-07-11 22:11:47,328 INFO     ___FILE_ONLY___ │ 
2017-07-11 22:11:47,329 INFO     ___FILE_ONLY___ gsutil                  
2017-07-11 22:11:47,329 INFO     ___FILE_ONLY___  
2017-07-11 22:11:47,329 INFO     ___FILE_ONLY___ │ 
2017-07-11 22:11:47,329 INFO     ___FILE_ONLY___   2.9 MiB
2017-07-11 22:11:47,329 INFO     ___FILE_ONLY___  
2017-07-11 22:11:47,329 INFO     ___FILE_ONLY___ │
2017-07-11 22:11:47,329 INFO     ___FILE_ONLY___ 

2017-07-11 22:11:47,329 INFO     ___FILE_ONLY___ │ 
2017-07-11 22:11:47,329 INFO     ___FILE_ONLY___ Installed    
2017-07-11 22:11:47,329 INFO     ___FILE_ONLY___  
2017-07-11 22:11:47,329 INFO     ___FILE_ONLY___ │ 
2017-07-11 22:11:47,330 INFO     ___FILE_ONLY___ Default set of gcloud commands                      
2017-07-11 22:11:47,330 INFO     ___FILE_ONLY___  
2017-07-11 22:11:47,330 INFO     ___FILE_ONLY___ │ 
2017-07-11 22:11:47,330 INFO     ___FILE_ONLY___ gcloud                  
2017-07-11 22:11:47,330 INFO     ___FILE_ONLY___  
2017-07-11 22:11:47,330 INFO     ___FILE_ONLY___ │ 
2017-07-11 22:11:47,330 INFO     ___FILE_ONLY___          
2017-07-11 22:11:47,330 INFO     ___FILE_ONLY___  
2017-07-11 22:11:47,330 INFO     ___FILE_ONLY___ │
2017-07-11 22:11:47,330 INFO     ___FILE_ONLY___ 

2017-07-11 22:11:47,330 INFO     ___FILE_ONLY___ └───────────────┴──────────────────────────────────────────────────────┴──────────────────────────┴───────────┘
2017-07-11 22:11:47,330 INFO     ___FILE_ONLY___ 

2017-07-11 22:11:47,330 INFO     ___FILE_ONLY___ To install or remove components at your current SDK version [161.0.0], run:
  $ gcloud components install COMPONENT_ID
  $ gcloud components remove COMPONENT_ID

To update your SDK installation to the latest version [161.0.0], run:
  $ gcloud components update


2017-07-11 22:11:59,187 DEBUG    root            Metrics reporting process started...
