2017-07-14 18:05:30,829 DEBUG    root            Metrics collector initialized...
2017-07-14 18:05:30,840 DEBUG    root            Loaded Command Group: ['gcloud', 'components']
2017-07-14 18:05:30,855 DEBUG    root            Loaded Command Group: ['gcloud', 'components', 'list']
2017-07-14 18:05:30,858 DEBUG    root            Running [gcloud.components.list] with arguments: [--quiet: "True"]
2017-07-14 18:05:30,860 INFO     root            Display format "table[box,title="Components"](state.name:label=Status,name:label=Name,id:label=ID,size.size(zero="",min=1048576):label=Size:align=right)".
2017-07-14 18:05:31,222 INFO     ___FILE_ONLY___ 
Your current Cloud SDK version is: 161.0.0

2017-07-14 18:05:31,222 INFO     ___FILE_ONLY___ The latest available version is: 162.0.1

2017-07-14 18:05:31,222 INFO     ___FILE_ONLY___ 

2017-07-14 18:05:31,231 INFO     ___FILE_ONLY___ ┌────────────────────────────────────────────────────────────────────────────────────────────────────────────────┐
2017-07-14 18:05:31,231 INFO     ___FILE_ONLY___ 

2017-07-14 18:05:31,231 INFO     ___FILE_ONLY___ │                                                   Components                                                   │
2017-07-14 18:05:31,232 INFO     ___FILE_ONLY___ 

2017-07-14 18:05:31,232 INFO     ___FILE_ONLY___ ├──────────────────┬──────────────────────────────────────────────────────┬──────────────────────────┬───────────┤
2017-07-14 18:05:31,232 INFO     ___FILE_ONLY___ 

2017-07-14 18:05:31,232 INFO     ___FILE_ONLY___ │      Status      │                         Name                         │            ID            │    Size   │
2017-07-14 18:05:31,232 INFO     ___FILE_ONLY___ 

2017-07-14 18:05:31,233 INFO     ___FILE_ONLY___ ├──────────────────┼──────────────────────────────────────────────────────┼──────────────────────────┼───────────┤
2017-07-14 18:05:31,233 INFO     ___FILE_ONLY___ 

2017-07-14 18:05:31,233 INFO     ___FILE_ONLY___ │ 
2017-07-14 18:05:31,233 INFO     ___FILE_ONLY___ Update Available
2017-07-14 18:05:31,233 INFO     ___FILE_ONLY___  
2017-07-14 18:05:31,234 INFO     ___FILE_ONLY___ │ 
2017-07-14 18:05:31,234 INFO     ___FILE_ONLY___ Cloud SDK Core Libraries                            
2017-07-14 18:05:31,234 INFO     ___FILE_ONLY___  
2017-07-14 18:05:31,234 INFO     ___FILE_ONLY___ │ 
2017-07-14 18:05:31,234 INFO     ___FILE_ONLY___ core                    
2017-07-14 18:05:31,234 INFO     ___FILE_ONLY___  
2017-07-14 18:05:31,234 INFO     ___FILE_ONLY___ │ 
2017-07-14 18:05:31,235 INFO     ___FILE_ONLY___   6.4 MiB
2017-07-14 18:05:31,235 INFO     ___FILE_ONLY___  
2017-07-14 18:05:31,235 INFO     ___FILE_ONLY___ │
2017-07-14 18:05:31,235 INFO     ___FILE_ONLY___ 

2017-07-14 18:05:31,235 INFO     ___FILE_ONLY___ │ 
2017-07-14 18:05:31,235 INFO     ___FILE_ONLY___ Update Available
2017-07-14 18:05:31,235 INFO     ___FILE_ONLY___  
2017-07-14 18:05:31,235 INFO     ___FILE_ONLY___ │ 
2017-07-14 18:05:31,236 INFO     ___FILE_ONLY___ Cloud Storage Command Line Tool                     
2017-07-14 18:05:31,236 INFO     ___FILE_ONLY___  
2017-07-14 18:05:31,236 INFO     ___FILE_ONLY___ │ 
2017-07-14 18:05:31,236 INFO     ___FILE_ONLY___ gsutil                  
2017-07-14 18:05:31,236 INFO     ___FILE_ONLY___  
2017-07-14 18:05:31,236 INFO     ___FILE_ONLY___ │ 
2017-07-14 18:05:31,237 INFO     ___FILE_ONLY___   3.0 MiB
2017-07-14 18:05:31,237 INFO     ___FILE_ONLY___  
2017-07-14 18:05:31,237 INFO     ___FILE_ONLY___ │
2017-07-14 18:05:31,237 INFO     ___FILE_ONLY___ 

2017-07-14 18:05:31,237 INFO     ___FILE_ONLY___ │ 
2017-07-14 18:05:31,237 INFO     ___FILE_ONLY___ Not Installed   
2017-07-14 18:05:31,237 INFO     ___FILE_ONLY___  
2017-07-14 18:05:31,238 INFO     ___FILE_ONLY___ │ 
2017-07-14 18:05:31,238 INFO     ___FILE_ONLY___ App Engine Go Extensions                            
2017-07-14 18:05:31,238 INFO     ___FILE_ONLY___  
2017-07-14 18:05:31,238 INFO     ___FILE_ONLY___ │ 
2017-07-14 18:05:31,238 INFO     ___FILE_ONLY___ app-engine-go           
2017-07-14 18:05:31,238 INFO     ___FILE_ONLY___  
2017-07-14 18:05:31,239 INFO     ___FILE_ONLY___ │ 
2017-07-14 18:05:31,239 INFO     ___FILE_ONLY___  97.6 MiB
2017-07-14 18:05:31,239 INFO     ___FILE_ONLY___  
2017-07-14 18:05:31,239 INFO     ___FILE_ONLY___ │
2017-07-14 18:05:31,239 INFO     ___FILE_ONLY___ 

2017-07-14 18:05:31,239 INFO     ___FILE_ONLY___ │ 
2017-07-14 18:05:31,239 INFO     ___FILE_ONLY___ Not Installed   
2017-07-14 18:05:31,239 INFO     ___FILE_ONLY___  
2017-07-14 18:05:31,240 INFO     ___FILE_ONLY___ │ 
2017-07-14 18:05:31,240 INFO     ___FILE_ONLY___ Cloud Bigtable Command Line Tool                    
2017-07-14 18:05:31,240 INFO     ___FILE_ONLY___  
2017-07-14 18:05:31,240 INFO     ___FILE_ONLY___ │ 
2017-07-14 18:05:31,240 INFO     ___FILE_ONLY___ cbt                     
2017-07-14 18:05:31,240 INFO     ___FILE_ONLY___  
2017-07-14 18:05:31,241 INFO     ___FILE_ONLY___ │ 
2017-07-14 18:05:31,241 INFO     ___FILE_ONLY___   4.0 MiB
2017-07-14 18:05:31,241 INFO     ___FILE_ONLY___  
2017-07-14 18:05:31,241 INFO     ___FILE_ONLY___ │
2017-07-14 18:05:31,241 INFO     ___FILE_ONLY___ 

2017-07-14 18:05:31,241 INFO     ___FILE_ONLY___ │ 
2017-07-14 18:05:31,241 INFO     ___FILE_ONLY___ Not Installed   
2017-07-14 18:05:31,242 INFO     ___FILE_ONLY___  
2017-07-14 18:05:31,242 INFO     ___FILE_ONLY___ │ 
2017-07-14 18:05:31,242 INFO     ___FILE_ONLY___ Cloud Bigtable Emulator                             
2017-07-14 18:05:31,242 INFO     ___FILE_ONLY___  
2017-07-14 18:05:31,242 INFO     ___FILE_ONLY___ │ 
2017-07-14 18:05:31,242 INFO     ___FILE_ONLY___ bigtable                
2017-07-14 18:05:31,242 INFO     ___FILE_ONLY___  
2017-07-14 18:05:31,243 INFO     ___FILE_ONLY___ │ 
2017-07-14 18:05:31,243 INFO     ___FILE_ONLY___   3.5 MiB
2017-07-14 18:05:31,243 INFO     ___FILE_ONLY___  
2017-07-14 18:05:31,243 INFO     ___FILE_ONLY___ │
2017-07-14 18:05:31,243 INFO     ___FILE_ONLY___ 

2017-07-14 18:05:31,243 INFO     ___FILE_ONLY___ │ 
2017-07-14 18:05:31,243 INFO     ___FILE_ONLY___ Not Installed   
2017-07-14 18:05:31,244 INFO     ___FILE_ONLY___  
2017-07-14 18:05:31,244 INFO     ___FILE_ONLY___ │ 
2017-07-14 18:05:31,244 INFO     ___FILE_ONLY___ Cloud Datalab Command Line Tool                     
2017-07-14 18:05:31,244 INFO     ___FILE_ONLY___  
2017-07-14 18:05:31,244 INFO     ___FILE_ONLY___ │ 
2017-07-14 18:05:31,245 INFO     ___FILE_ONLY___ datalab                 
2017-07-14 18:05:31,245 INFO     ___FILE_ONLY___  
2017-07-14 18:05:31,245 INFO     ___FILE_ONLY___ │ 
2017-07-14 18:05:31,245 INFO     ___FILE_ONLY___   < 1 MiB
2017-07-14 18:05:31,245 INFO     ___FILE_ONLY___  
2017-07-14 18:05:31,245 INFO     ___FILE_ONLY___ │
2017-07-14 18:05:31,245 INFO     ___FILE_ONLY___ 

2017-07-14 18:05:31,245 INFO     ___FILE_ONLY___ │ 
2017-07-14 18:05:31,246 INFO     ___FILE_ONLY___ Not Installed   
2017-07-14 18:05:31,246 INFO     ___FILE_ONLY___  
2017-07-14 18:05:31,246 INFO     ___FILE_ONLY___ │ 
2017-07-14 18:05:31,246 INFO     ___FILE_ONLY___ Cloud Datastore Emulator                            
2017-07-14 18:05:31,246 INFO     ___FILE_ONLY___  
2017-07-14 18:05:31,247 INFO     ___FILE_ONLY___ │ 
2017-07-14 18:05:31,247 INFO     ___FILE_ONLY___ cloud-datastore-emulator
2017-07-14 18:05:31,247 INFO     ___FILE_ONLY___  
2017-07-14 18:05:31,247 INFO     ___FILE_ONLY___ │ 
2017-07-14 18:05:31,247 INFO     ___FILE_ONLY___  15.4 MiB
2017-07-14 18:05:31,247 INFO     ___FILE_ONLY___  
2017-07-14 18:05:31,247 INFO     ___FILE_ONLY___ │
2017-07-14 18:05:31,248 INFO     ___FILE_ONLY___ 

2017-07-14 18:05:31,248 INFO     ___FILE_ONLY___ │ 
2017-07-14 18:05:31,248 INFO     ___FILE_ONLY___ Not Installed   
2017-07-14 18:05:31,248 INFO     ___FILE_ONLY___  
2017-07-14 18:05:31,248 INFO     ___FILE_ONLY___ │ 
2017-07-14 18:05:31,249 INFO     ___FILE_ONLY___ Cloud Datastore Emulator (Legacy)                   
2017-07-14 18:05:31,249 INFO     ___FILE_ONLY___  
2017-07-14 18:05:31,249 INFO     ___FILE_ONLY___ │ 
2017-07-14 18:05:31,249 INFO     ___FILE_ONLY___ gcd-emulator            
2017-07-14 18:05:31,249 INFO     ___FILE_ONLY___  
2017-07-14 18:05:31,249 INFO     ___FILE_ONLY___ │ 
2017-07-14 18:05:31,249 INFO     ___FILE_ONLY___  38.1 MiB
2017-07-14 18:05:31,249 INFO     ___FILE_ONLY___  
2017-07-14 18:05:31,250 INFO     ___FILE_ONLY___ │
2017-07-14 18:05:31,250 INFO     ___FILE_ONLY___ 

2017-07-14 18:05:31,250 INFO     ___FILE_ONLY___ │ 
2017-07-14 18:05:31,250 INFO     ___FILE_ONLY___ Not Installed   
2017-07-14 18:05:31,250 INFO     ___FILE_ONLY___  
2017-07-14 18:05:31,250 INFO     ___FILE_ONLY___ │ 
2017-07-14 18:05:31,251 INFO     ___FILE_ONLY___ Cloud Pub/Sub Emulator                              
2017-07-14 18:05:31,251 INFO     ___FILE_ONLY___  
2017-07-14 18:05:31,251 INFO     ___FILE_ONLY___ │ 
2017-07-14 18:05:31,251 INFO     ___FILE_ONLY___ pubsub-emulator         
2017-07-14 18:05:31,251 INFO     ___FILE_ONLY___  
2017-07-14 18:05:31,251 INFO     ___FILE_ONLY___ │ 
2017-07-14 18:05:31,251 INFO     ___FILE_ONLY___  21.0 MiB
2017-07-14 18:05:31,252 INFO     ___FILE_ONLY___  
2017-07-14 18:05:31,252 INFO     ___FILE_ONLY___ │
2017-07-14 18:05:31,252 INFO     ___FILE_ONLY___ 

2017-07-14 18:05:31,252 INFO     ___FILE_ONLY___ │ 
2017-07-14 18:05:31,252 INFO     ___FILE_ONLY___ Not Installed   
2017-07-14 18:05:31,252 INFO     ___FILE_ONLY___  
2017-07-14 18:05:31,252 INFO     ___FILE_ONLY___ │ 
2017-07-14 18:05:31,253 INFO     ___FILE_ONLY___ Emulator Reverse Proxy                              
2017-07-14 18:05:31,253 INFO     ___FILE_ONLY___  
2017-07-14 18:05:31,253 INFO     ___FILE_ONLY___ │ 
2017-07-14 18:05:31,253 INFO     ___FILE_ONLY___ emulator-reverse-proxy  
2017-07-14 18:05:31,253 INFO     ___FILE_ONLY___  
2017-07-14 18:05:31,253 INFO     ___FILE_ONLY___ │ 
2017-07-14 18:05:31,254 INFO     ___FILE_ONLY___  14.5 MiB
2017-07-14 18:05:31,254 INFO     ___FILE_ONLY___  
2017-07-14 18:05:31,254 INFO     ___FILE_ONLY___ │
2017-07-14 18:05:31,254 INFO     ___FILE_ONLY___ 

2017-07-14 18:05:31,254 INFO     ___FILE_ONLY___ │ 
2017-07-14 18:05:31,254 INFO     ___FILE_ONLY___ Not Installed   
2017-07-14 18:05:31,254 INFO     ___FILE_ONLY___  
2017-07-14 18:05:31,255 INFO     ___FILE_ONLY___ │ 
2017-07-14 18:05:31,255 INFO     ___FILE_ONLY___ Google Container Registry's Docker credential helper
2017-07-14 18:05:31,255 INFO     ___FILE_ONLY___  
2017-07-14 18:05:31,255 INFO     ___FILE_ONLY___ │ 
2017-07-14 18:05:31,256 INFO     ___FILE_ONLY___ docker-credential-gcr   
2017-07-14 18:05:31,256 INFO     ___FILE_ONLY___  
2017-07-14 18:05:31,256 INFO     ___FILE_ONLY___ │ 
2017-07-14 18:05:31,256 INFO     ___FILE_ONLY___   2.2 MiB
2017-07-14 18:05:31,256 INFO     ___FILE_ONLY___  
2017-07-14 18:05:31,256 INFO     ___FILE_ONLY___ │
2017-07-14 18:05:31,256 INFO     ___FILE_ONLY___ 

2017-07-14 18:05:31,256 INFO     ___FILE_ONLY___ │ 
2017-07-14 18:05:31,256 INFO     ___FILE_ONLY___ Not Installed   
2017-07-14 18:05:31,257 INFO     ___FILE_ONLY___  
2017-07-14 18:05:31,257 INFO     ___FILE_ONLY___ │ 
2017-07-14 18:05:31,257 INFO     ___FILE_ONLY___ gcloud Alpha Commands                               
2017-07-14 18:05:31,257 INFO     ___FILE_ONLY___  
2017-07-14 18:05:31,257 INFO     ___FILE_ONLY___ │ 
2017-07-14 18:05:31,257 INFO     ___FILE_ONLY___ alpha                   
2017-07-14 18:05:31,258 INFO     ___FILE_ONLY___  
2017-07-14 18:05:31,258 INFO     ___FILE_ONLY___ │ 
2017-07-14 18:05:31,258 INFO     ___FILE_ONLY___   < 1 MiB
2017-07-14 18:05:31,258 INFO     ___FILE_ONLY___  
2017-07-14 18:05:31,258 INFO     ___FILE_ONLY___ │
2017-07-14 18:05:31,258 INFO     ___FILE_ONLY___ 

2017-07-14 18:05:31,258 INFO     ___FILE_ONLY___ │ 
2017-07-14 18:05:31,259 INFO     ___FILE_ONLY___ Not Installed   
2017-07-14 18:05:31,259 INFO     ___FILE_ONLY___  
2017-07-14 18:05:31,259 INFO     ___FILE_ONLY___ │ 
2017-07-14 18:05:31,259 INFO     ___FILE_ONLY___ gcloud Beta Commands                                
2017-07-14 18:05:31,259 INFO     ___FILE_ONLY___  
2017-07-14 18:05:31,259 INFO     ___FILE_ONLY___ │ 
2017-07-14 18:05:31,260 INFO     ___FILE_ONLY___ beta                    
2017-07-14 18:05:31,260 INFO     ___FILE_ONLY___  
2017-07-14 18:05:31,260 INFO     ___FILE_ONLY___ │ 
2017-07-14 18:05:31,260 INFO     ___FILE_ONLY___   < 1 MiB
2017-07-14 18:05:31,260 INFO     ___FILE_ONLY___  
2017-07-14 18:05:31,260 INFO     ___FILE_ONLY___ │
2017-07-14 18:05:31,260 INFO     ___FILE_ONLY___ 

2017-07-14 18:05:31,260 INFO     ___FILE_ONLY___ │ 
2017-07-14 18:05:31,261 INFO     ___FILE_ONLY___ Not Installed   
2017-07-14 18:05:31,261 INFO     ___FILE_ONLY___  
2017-07-14 18:05:31,261 INFO     ___FILE_ONLY___ │ 
2017-07-14 18:05:31,261 INFO     ___FILE_ONLY___ gcloud app Java Extensions                          
2017-07-14 18:05:31,261 INFO     ___FILE_ONLY___  
2017-07-14 18:05:31,262 INFO     ___FILE_ONLY___ │ 
2017-07-14 18:05:31,262 INFO     ___FILE_ONLY___ app-engine-java         
2017-07-14 18:05:31,262 INFO     ___FILE_ONLY___  
2017-07-14 18:05:31,262 INFO     ___FILE_ONLY___ │ 
2017-07-14 18:05:31,262 INFO     ___FILE_ONLY___ 128.1 MiB
2017-07-14 18:05:31,262 INFO     ___FILE_ONLY___  
2017-07-14 18:05:31,263 INFO     ___FILE_ONLY___ │
2017-07-14 18:05:31,263 INFO     ___FILE_ONLY___ 

2017-07-14 18:05:31,263 INFO     ___FILE_ONLY___ │ 
2017-07-14 18:05:31,263 INFO     ___FILE_ONLY___ Not Installed   
2017-07-14 18:05:31,263 INFO     ___FILE_ONLY___  
2017-07-14 18:05:31,264 INFO     ___FILE_ONLY___ │ 
2017-07-14 18:05:31,264 INFO     ___FILE_ONLY___ gcloud app PHP Extensions (Mac OS X)                
2017-07-14 18:05:31,264 INFO     ___FILE_ONLY___  
2017-07-14 18:05:31,264 INFO     ___FILE_ONLY___ │ 
2017-07-14 18:05:31,264 INFO     ___FILE_ONLY___ app-engine-php-darwin   
2017-07-14 18:05:31,265 INFO     ___FILE_ONLY___  
2017-07-14 18:05:31,265 INFO     ___FILE_ONLY___ │ 
2017-07-14 18:05:31,265 INFO     ___FILE_ONLY___  21.9 MiB
2017-07-14 18:05:31,265 INFO     ___FILE_ONLY___  
2017-07-14 18:05:31,265 INFO     ___FILE_ONLY___ │
2017-07-14 18:05:31,265 INFO     ___FILE_ONLY___ 

2017-07-14 18:05:31,265 INFO     ___FILE_ONLY___ │ 
2017-07-14 18:05:31,265 INFO     ___FILE_ONLY___ Not Installed   
2017-07-14 18:05:31,265 INFO     ___FILE_ONLY___  
2017-07-14 18:05:31,265 INFO     ___FILE_ONLY___ │ 
2017-07-14 18:05:31,266 INFO     ___FILE_ONLY___ gcloud app Python Extensions                        
2017-07-14 18:05:31,266 INFO     ___FILE_ONLY___  
2017-07-14 18:05:31,266 INFO     ___FILE_ONLY___ │ 
2017-07-14 18:05:31,266 INFO     ___FILE_ONLY___ app-engine-python       
2017-07-14 18:05:31,266 INFO     ___FILE_ONLY___  
2017-07-14 18:05:31,266 INFO     ___FILE_ONLY___ │ 
2017-07-14 18:05:31,266 INFO     ___FILE_ONLY___   6.5 MiB
2017-07-14 18:05:31,266 INFO     ___FILE_ONLY___  
2017-07-14 18:05:31,266 INFO     ___FILE_ONLY___ │
2017-07-14 18:05:31,266 INFO     ___FILE_ONLY___ 

2017-07-14 18:05:31,266 INFO     ___FILE_ONLY___ │ 
2017-07-14 18:05:31,267 INFO     ___FILE_ONLY___ Not Installed   
2017-07-14 18:05:31,267 INFO     ___FILE_ONLY___  
2017-07-14 18:05:31,267 INFO     ___FILE_ONLY___ │ 
2017-07-14 18:05:31,267 INFO     ___FILE_ONLY___ kubectl                                             
2017-07-14 18:05:31,267 INFO     ___FILE_ONLY___  
2017-07-14 18:05:31,267 INFO     ___FILE_ONLY___ │ 
2017-07-14 18:05:31,267 INFO     ___FILE_ONLY___ kubectl                 
2017-07-14 18:05:31,267 INFO     ___FILE_ONLY___  
2017-07-14 18:05:31,267 INFO     ___FILE_ONLY___ │ 
2017-07-14 18:05:31,267 INFO     ___FILE_ONLY___  16.0 MiB
2017-07-14 18:05:31,267 INFO     ___FILE_ONLY___  
2017-07-14 18:05:31,267 INFO     ___FILE_ONLY___ │
2017-07-14 18:05:31,267 INFO     ___FILE_ONLY___ 

2017-07-14 18:05:31,267 INFO     ___FILE_ONLY___ │ 
2017-07-14 18:05:31,268 INFO     ___FILE_ONLY___ Installed       
2017-07-14 18:05:31,268 INFO     ___FILE_ONLY___  
2017-07-14 18:05:31,268 INFO     ___FILE_ONLY___ │ 
2017-07-14 18:05:31,268 INFO     ___FILE_ONLY___ BigQuery Command Line Tool                          
2017-07-14 18:05:31,268 INFO     ___FILE_ONLY___  
2017-07-14 18:05:31,268 INFO     ___FILE_ONLY___ │ 
2017-07-14 18:05:31,268 INFO     ___FILE_ONLY___ bq                      
2017-07-14 18:05:31,268 INFO     ___FILE_ONLY___  
2017-07-14 18:05:31,268 INFO     ___FILE_ONLY___ │ 
2017-07-14 18:05:31,268 INFO     ___FILE_ONLY___   < 1 MiB
2017-07-14 18:05:31,268 INFO     ___FILE_ONLY___  
2017-07-14 18:05:31,268 INFO     ___FILE_ONLY___ │
2017-07-14 18:05:31,268 INFO     ___FILE_ONLY___ 

2017-07-14 18:05:31,268 INFO     ___FILE_ONLY___ │ 
2017-07-14 18:05:31,269 INFO     ___FILE_ONLY___ Installed       
2017-07-14 18:05:31,269 INFO     ___FILE_ONLY___  
2017-07-14 18:05:31,269 INFO     ___FILE_ONLY___ │ 
2017-07-14 18:05:31,269 INFO     ___FILE_ONLY___ Default set of gcloud commands                      
2017-07-14 18:05:31,269 INFO     ___FILE_ONLY___  
2017-07-14 18:05:31,269 INFO     ___FILE_ONLY___ │ 
2017-07-14 18:05:31,269 INFO     ___FILE_ONLY___ gcloud                  
2017-07-14 18:05:31,269 INFO     ___FILE_ONLY___  
2017-07-14 18:05:31,269 INFO     ___FILE_ONLY___ │ 
2017-07-14 18:05:31,269 INFO     ___FILE_ONLY___          
2017-07-14 18:05:31,269 INFO     ___FILE_ONLY___  
2017-07-14 18:05:31,269 INFO     ___FILE_ONLY___ │
2017-07-14 18:05:31,269 INFO     ___FILE_ONLY___ 

2017-07-14 18:05:31,269 INFO     ___FILE_ONLY___ └──────────────────┴──────────────────────────────────────────────────────┴──────────────────────────┴───────────┘
2017-07-14 18:05:31,270 INFO     ___FILE_ONLY___ 

2017-07-14 18:05:31,270 INFO     ___FILE_ONLY___ To install or remove components at your current SDK version [161.0.0], run:
  $ gcloud components install COMPONENT_ID
  $ gcloud components remove COMPONENT_ID

To update your SDK installation to the latest version [162.0.1], run:
  $ gcloud components update


2017-07-14 18:05:44,501 DEBUG    root            Metrics reporting process started...
